<?xml version="1.0" encoding="UTF-8"?>
<!-- Generated by org.testng.reporters.JUnitReportReporter -->
<testsuite skipped="0" hostname="DESKTOP-CA52V6P" name="qaclickacademy.SeleniumTest" tests="2" failures="0" timestamp="16 Feb 2018 01:54:19 GMT" time="0.006" errors="0">
  <testcase name="browserAutomation" time="0.006" classname="qaclickacademy.SeleniumTest"/>
  <testcase name="elementsUI" time="0.000" classname="qaclickacademy.SeleniumTest"/>
</testsuite> <!-- qaclickacademy.SeleniumTest -->
