<?xml version="1.0" encoding="UTF-8"?>
<!-- Generated by org.testng.reporters.JUnitReportReporter -->
<testsuite skipped="0" hostname="DESKTOP-CA52V6P" name="qaclickacademy.RestApiTest" tests="2" failures="0" timestamp="16 Feb 2018 01:54:19 GMT" time="0.001" errors="0">
  <testcase name="postJira" time="0.000" classname="qaclickacademy.RestApiTest"/>
  <testcase name="delTwitter" time="0.001" classname="qaclickacademy.RestApiTest"/>
</testsuite> <!-- qaclickacademy.RestApiTest -->
