<?xml version="1.0" encoding="UTF-8"?>
<!-- Generated by org.testng.reporters.JUnitReportReporter -->
<testsuite skipped="0" hostname="DESKTOP-CA52V6P" name="qaclickacademy.AppiumTest" tests="2" failures="0" timestamp="16 Feb 2018 01:54:01 GMT" time="0.000" errors="0">
  <testcase name="NativeappAndroid" time="0.000" classname="qaclickacademy.AppiumTest"/>
  <testcase name="IOSapp" time="0.000" classname="qaclickacademy.AppiumTest"/>
</testsuite> <!-- qaclickacademy.AppiumTest -->
